<?xml version="1.0" encoding="UTF-8"?>
<!-- Generated by org.testng.reporters.JUnitReportReporter -->
<testsuite hostname="Vipin_M" failures="0" tests="1" name="testCases.TC001_AccountRegistration" time="5.475" errors="0" timestamp="2025-07-25T19:43:42 IST" skipped="0">
  <testcase classname="testCases.TC001_AccountRegistration" name="verify_account_registration" time="5.475"/>
</testsuite> <!-- testCases.TC001_AccountRegistration -->
