<?xml version="1.0" encoding="UTF-8"?>
<!-- Generated by org.testng.reporters.JUnitReportReporter -->
<testsuite hostname="Vipin_M" failures="0" tests="1" name="testCases.TC002_Login" time="4.670" errors="0" timestamp="2025-07-25T19:43:42 IST" skipped="0">
  <testcase classname="testCases.TC002_Login" name="verifyLogin" time="4.670"/>
</testsuite> <!-- testCases.TC002_Login -->
